-- The C compiler identification is GNU 11.4.0
-- The CXX compiler identification is GNU 11.4.0
-- Detecting C compiler ABI info
-- Detecting C compiler ABI info - done
-- Check for working C compiler: /usr/bin/cc - skipped
-- Detecting C compile features
-- Detecting C compile features - done
-- Detecting CXX compiler ABI info
-- Detecting CXX compiler ABI info - done
-- Check for working CXX compiler: /usr/bin/c++ - skipped
-- Detecting CXX compile features
-- Detecting CXX compile features - done
-- Found ament_cmake: 1.3.9 (/opt/ros/humble/share/ament_cmake/cmake)
-- Found Python3: /usr/bin/python3 (found version "3.10.12") found components: Interpreter 
-- Found rclcpp: 16.0.9 (/opt/ros/humble/share/rclcpp/cmake)
-- Found rosidl_generator_c: 3.1.5 (/opt/ros/humble/share/rosidl_generator_c/cmake)
-- Found rosidl_adapter: 3.1.5 (/opt/ros/humble/share/rosidl_adapter/cmake)
-- Found rosidl_generator_cpp: 3.1.5 (/opt/ros/humble/share/rosidl_generator_cpp/cmake)
-- Using all available rosidl_typesupport_c: rosidl_typesupport_fastrtps_c;rosidl_typesupport_introspection_c
-- Using all available rosidl_typesupport_cpp: rosidl_typesupport_fastrtps_cpp;rosidl_typesupport_introspection_cpp
-- Found rmw_implementation_cmake: 6.1.2 (/opt/ros/humble/share/rmw_implementation_cmake/cmake)
-- Found rmw_fastrtps_cpp: 6.2.6 (/opt/ros/humble/share/rmw_fastrtps_cpp/cmake)
-- Found OpenSSL: /usr/lib/x86_64-linux-gnu/libcrypto.so (found version "3.0.2")  
-- Found FastRTPS: /opt/ros/humble/include  
-- Using RMW implementation 'rmw_fastrtps_cpp' as default
-- Looking for pthread.h
-- Looking for pthread.h - found
-- Performing Test CMAKE_HAVE_LIBC_PTHREAD
-- Performing Test CMAKE_HAVE_LIBC_PTHREAD - Success
-- Found Threads: TRUE  
-- Found ament_lint_auto: 0.12.11 (/opt/ros/humble/share/ament_lint_auto/cmake)
-- Added test 'cppcheck' to perform static code analysis on C / C++ code
-- Configured cppcheck include dirs: /home/artificial/bags_ws/src/icp_test/include
-- Configured cppcheck exclude dirs and/or files: 
-- Added test 'lint_cmake' to check CMake code style
-- Added test 'uncrustify' to check C / C++ code style
-- Configured uncrustify additional arguments: 
-- Added test 'xmllint' to check XML markup files
-- Configuring done
-- Generating done
-- Build files have been written to: /home/artificial/bags_ws/build/icp_test
[ 16%] [32mBuilding CXX object CMakeFiles/ipc_publisher.dir/src/ipc_publisher.cpp.o[0m
[ 33%] [32mBuilding CXX object CMakeFiles/ipc_subscriber.dir/src/ipc_subscriber.cpp.o[0m
[ 50%] [32mBuilding CXX object CMakeFiles/ipc_main.dir/src/ipc_main.cpp.o[0m
[ 66%] [32m[1mLinking CXX executable ipc_main[0m
/usr/bin/ld: CMakeFiles/ipc_main.dir/src/ipc_main.cpp.o: in function `void __gnu_cxx::new_allocator<Producer>::construct<Producer, char const (&) [9], char const (&) [7]>(Producer*, char const (&) [9], char const (&) [7])':
ipc_main.cpp:(.text._ZN9__gnu_cxx13new_allocatorI8ProducerE9constructIS1_JRA9_KcRA7_S4_EEEvPT_DpOT0_[_ZN9__gnu_cxx13new_allocatorI8ProducerE9constructIS1_JRA9_KcRA7_S4_EEEvPT_DpOT0_]+0xc9): undefined reference to `Producer::Producer(std::__cxx11::basic_string<char, std::char_traits<char>, std::allocator<char> > const&, std::__cxx11::basic_string<char, std::char_traits<char>, std::allocator<char> > const&)'
/usr/bin/ld: CMakeFiles/ipc_main.dir/src/ipc_main.cpp.o: in function `void __gnu_cxx::new_allocator<Consumer>::construct<Consumer, char const (&) [9], char const (&) [7]>(Consumer*, char const (&) [9], char const (&) [7])':
ipc_main.cpp:(.text._ZN9__gnu_cxx13new_allocatorI8ConsumerE9constructIS1_JRA9_KcRA7_S4_EEEvPT_DpOT0_[_ZN9__gnu_cxx13new_allocatorI8ConsumerE9constructIS1_JRA9_KcRA7_S4_EEEvPT_DpOT0_]+0xc9): undefined reference to `Consumer::Consumer(std::__cxx11::basic_string<char, std::char_traits<char>, std::allocator<char> > const&, std::__cxx11::basic_string<char, std::char_traits<char>, std::allocator<char> > const&)'
collect2: error: ld returned 1 exit status
gmake[2]: *** [CMakeFiles/ipc_main.dir/build.make:159: ipc_main] Error 1
gmake[1]: *** [CMakeFiles/Makefile2:193: CMakeFiles/ipc_main.dir/all] Error 2
gmake[1]: *** Waiting for unfinished jobs....
[ 83%] [32m[1mLinking CXX static library libipc_publisher.a[0m
[ 83%] Built target ipc_publisher
[100%] [32m[1mLinking CXX static library libipc_subscriber.a[0m
[100%] Built target ipc_subscriber
gmake: *** [Makefile:146: all] Error 2
