[0.005s] Invoking command in '/home/artificial/bags_ws/build/icp_test': CMAKE_PREFIX_PATH=/opt/ros/humble /usr/bin/cmake /home/artificial/bags_ws/src/icp_test -DCMAKE_INSTALL_PREFIX=/home/artificial/bags_ws/install/icp_test
[0.030s] -- The C compiler identification is GNU 11.4.0
[0.059s] -- The CXX compiler identification is GNU 11.4.0
[0.063s] -- Detecting C compiler ABI info
[0.100s] -- Detecting C compiler ABI info - done
[0.104s] -- Check for working C compiler: /usr/bin/cc - skipped
[0.104s] -- Detecting C compile features
[0.104s] -- Detecting C compile features - done
[0.106s] -- Detecting CXX compiler ABI info
[0.150s] -- Detecting CXX compiler ABI info - done
[0.154s] -- Check for working CXX compiler: /usr/bin/c++ - skipped
[0.154s] -- Detecting CXX compile features
[0.154s] -- Detecting CXX compile features - done
[0.155s] -- Found ament_cmake: 1.3.9 (/opt/ros/humble/share/ament_cmake/cmake)
[0.236s] -- Found Python3: /usr/bin/python3 (found version "3.10.12") found components: Interpreter 
[0.278s] -- Found rclcpp: 16.0.9 (/opt/ros/humble/share/rclcpp/cmake)
[0.298s] -- Found rosidl_generator_c: 3.1.5 (/opt/ros/humble/share/rosidl_generator_c/cmake)
[0.300s] -- Found rosidl_adapter: 3.1.5 (/opt/ros/humble/share/rosidl_adapter/cmake)
[0.304s] -- Found rosidl_generator_cpp: 3.1.5 (/opt/ros/humble/share/rosidl_generator_cpp/cmake)
[0.311s] -- Using all available rosidl_typesupport_c: rosidl_typesupport_fastrtps_c;rosidl_typesupport_introspection_c
[0.321s] -- Using all available rosidl_typesupport_cpp: rosidl_typesupport_fastrtps_cpp;rosidl_typesupport_introspection_cpp
[0.357s] -- Found rmw_implementation_cmake: 6.1.2 (/opt/ros/humble/share/rmw_implementation_cmake/cmake)
[0.358s] -- Found rmw_fastrtps_cpp: 6.2.6 (/opt/ros/humble/share/rmw_fastrtps_cpp/cmake)
[0.404s] -- Found OpenSSL: /usr/lib/x86_64-linux-gnu/libcrypto.so (found version "3.0.2")  
[0.413s] -- Found FastRTPS: /opt/ros/humble/include  
[0.429s] -- Using RMW implementation 'rmw_fastrtps_cpp' as default
[0.433s] -- Looking for pthread.h
[0.472s] -- Looking for pthread.h - found
[0.473s] -- Performing Test CMAKE_HAVE_LIBC_PTHREAD
[0.512s] -- Performing Test CMAKE_HAVE_LIBC_PTHREAD - Success
[0.513s] -- Found Threads: TRUE  
[0.601s] -- Found ament_lint_auto: 0.12.11 (/opt/ros/humble/share/ament_lint_auto/cmake)
[0.641s] -- Added test 'cppcheck' to perform static code analysis on C / C++ code
[0.641s] -- Configured cppcheck include dirs: /home/artificial/bags_ws/src/icp_test/include
[0.641s] -- Configured cppcheck exclude dirs and/or files: 
[0.641s] -- Added test 'lint_cmake' to check CMake code style
[0.641s] -- Added test 'uncrustify' to check C / C++ code style
[0.642s] -- Configured uncrustify additional arguments: 
[0.642s] -- Added test 'xmllint' to check XML markup files
[0.642s] -- Configuring done
[0.648s] -- Generating done
[0.649s] -- Build files have been written to: /home/artificial/bags_ws/build/icp_test
[0.655s] Invoked command in '/home/artificial/bags_ws/build/icp_test' returned '0': CMAKE_PREFIX_PATH=/opt/ros/humble /usr/bin/cmake /home/artificial/bags_ws/src/icp_test -DCMAKE_INSTALL_PREFIX=/home/artificial/bags_ws/install/icp_test
[0.655s] Invoking command in '/home/artificial/bags_ws/build/icp_test': CMAKE_PREFIX_PATH=/opt/ros/humble /usr/bin/cmake --build /home/artificial/bags_ws/build/icp_test -- -j16 -l16
[0.681s] [ 16%] [32mBuilding CXX object CMakeFiles/ipc_publisher.dir/src/ipc_publisher.cpp.o[0m
[0.681s] [ 33%] [32mBuilding CXX object CMakeFiles/ipc_subscriber.dir/src/ipc_subscriber.cpp.o[0m
[0.681s] [ 50%] [32mBuilding CXX object CMakeFiles/ipc_main.dir/src/ipc_main.cpp.o[0m
[2.429s] [ 66%] [32m[1mLinking CXX executable ipc_main[0m
[2.486s] /usr/bin/ld: CMakeFiles/ipc_main.dir/src/ipc_main.cpp.o: in function `void __gnu_cxx::new_allocator<Producer>::construct<Producer, char const (&) [9], char const (&) [7]>(Producer*, char const (&) [9], char const (&) [7])':
[2.486s] ipc_main.cpp:(.text._ZN9__gnu_cxx13new_allocatorI8ProducerE9constructIS1_JRA9_KcRA7_S4_EEEvPT_DpOT0_[_ZN9__gnu_cxx13new_allocatorI8ProducerE9constructIS1_JRA9_KcRA7_S4_EEEvPT_DpOT0_]+0xc9): undefined reference to `Producer::Producer(std::__cxx11::basic_string<char, std::char_traits<char>, std::allocator<char> > const&, std::__cxx11::basic_string<char, std::char_traits<char>, std::allocator<char> > const&)'
[2.486s] /usr/bin/ld: CMakeFiles/ipc_main.dir/src/ipc_main.cpp.o: in function `void __gnu_cxx::new_allocator<Consumer>::construct<Consumer, char const (&) [9], char const (&) [7]>(Consumer*, char const (&) [9], char const (&) [7])':
[2.487s] ipc_main.cpp:(.text._ZN9__gnu_cxx13new_allocatorI8ConsumerE9constructIS1_JRA9_KcRA7_S4_EEEvPT_DpOT0_[_ZN9__gnu_cxx13new_allocatorI8ConsumerE9constructIS1_JRA9_KcRA7_S4_EEEvPT_DpOT0_]+0xc9): undefined reference to `Consumer::Consumer(std::__cxx11::basic_string<char, std::char_traits<char>, std::allocator<char> > const&, std::__cxx11::basic_string<char, std::char_traits<char>, std::allocator<char> > const&)'
[2.490s] collect2: error: ld returned 1 exit status
[2.491s] gmake[2]: *** [CMakeFiles/ipc_main.dir/build.make:159: ipc_main] Error 1
[2.491s] gmake[1]: *** [CMakeFiles/Makefile2:193: CMakeFiles/ipc_main.dir/all] Error 2
[2.491s] gmake[1]: *** Waiting for unfinished jobs....
[3.211s] [ 83%] [32m[1mLinking CXX static library libipc_publisher.a[0m
[3.264s] [ 83%] Built target ipc_publisher
[5.219s] [100%] [32m[1mLinking CXX static library libipc_subscriber.a[0m
[5.305s] [100%] Built target ipc_subscriber
[5.305s] gmake: *** [Makefile:146: all] Error 2
[5.307s] Invoked command in '/home/artificial/bags_ws/build/icp_test' returned '2': CMAKE_PREFIX_PATH=/opt/ros/humble /usr/bin/cmake --build /home/artificial/bags_ws/build/icp_test -- -j16 -l16
