[01m[K/home/artificial/bags_ws/src/icp_test/src/ipc_main.cpp:[m[K In function â€˜[01m[Kint main(int, char**)[m[Kâ€™:
[01m[K/home/artificial/bags_ws/src/icp_test/src/ipc_main.cpp:22:36:[m[K [01;31m[Kerror: [m[Kâ€˜[01m[Kr[m[Kâ€™ was not declared in this scope
   22 |   auto producer = std::make_shared<[01;31m[Kr[m[K>("producer", "number");
      |                                    [01;31m[K^[m[K
[01m[K/home/artificial/bags_ws/src/icp_test/src/ipc_main.cpp:22:38:[m[K [01;31m[Kerror: [m[Kno matching function for call to â€˜[01m[Kmake_shared<<expression error> >(const char [9], const char [7])[m[Kâ€™
   22 |   auto producer = [01;31m[Kstd::make_shared<r>("producer", "number")[m[K;
      |                   [01;31m[K~~~~~~~~~~~~~~~~~~~^~~~~~~~~~~~~~~~~~~~~~[m[K
In file included from [01m[K/usr/include/c++/11/memory:77[m[K,
                 from [01m[K/home/artificial/bags_ws/src/icp_test/src/ipc_main.cpp:5[m[K:
[01m[K/usr/include/c++/11/bits/shared_ptr.h:875:5:[m[K [01;36m[Knote: [m[Kcandidate: â€˜[01m[Ktemplate<class _Tp, class ... _Args> std::shared_ptr<_Tp> std::make_shared(_Args&& ...)[m[Kâ€™
  875 |     [01;36m[Kmake_shared[m[K(_Args&&... __args)
      |     [01;36m[K^~~~~~~~~~~[m[K
[01m[K/usr/include/c++/11/bits/shared_ptr.h:875:5:[m[K [01;36m[Knote: [m[K  template argument deduction/substitution failed:
[01m[K/home/artificial/bags_ws/src/icp_test/src/ipc_main.cpp:22:38:[m[K [01;31m[Kerror: [m[Ktemplate argument 1 is invalid
   22 |   auto producer = [01;31m[Kstd::make_shared<r>("producer", "number")[m[K;
      |                   [01;31m[K~~~~~~~~~~~~~~~~~~~^~~~~~~~~~~~~~~~~~~~~~[m[K
gmake[2]: *** [CMakeFiles/ipc_main.dir/build.make:76: CMakeFiles/ipc_main.dir/src/ipc_main.cpp.o] Error 1
gmake[1]: *** [CMakeFiles/Makefile2:194: CMakeFiles/ipc_main.dir/all] Error 2
gmake: *** [Makefile:146: all] Error 2
