-- Found ament_cmake: 1.3.9 (/opt/ros/humble/share/ament_cmake/cmake)
-- Found rclcpp: 16.0.9 (/opt/ros/humble/share/rclcpp/cmake)
-- Found rosidl_generator_c: 3.1.5 (/opt/ros/humble/share/rosidl_generator_c/cmake)
-- Found rosidl_adapter: 3.1.5 (/opt/ros/humble/share/rosidl_adapter/cmake)
-- Found rosidl_generator_cpp: 3.1.5 (/opt/ros/humble/share/rosidl_generator_cpp/cmake)
-- Using all available rosidl_typesupport_c: rosidl_typesupport_fastrtps_c;rosidl_typesupport_introspection_c
-- Using all available rosidl_typesupport_cpp: rosidl_typesupport_fastrtps_cpp;rosidl_typesupport_introspection_cpp
-- Found rmw_implementation_cmake: 6.1.2 (/opt/ros/humble/share/rmw_implementation_cmake/cmake)
-- Found rmw_fastrtps_cpp: 6.2.6 (/opt/ros/humble/share/rmw_fastrtps_cpp/cmake)
-- Using RMW implementation 'rmw_fastrtps_cpp' as default
-- Found ament_lint_auto: 0.12.11 (/opt/ros/humble/share/ament_lint_auto/cmake)
-- Added test 'copyright' to check source files copyright and LICENSE
-- Added test 'cppcheck' to perform static code analysis on C / C++ code
-- Configured cppcheck include dirs: /home/artificial/bags_ws/src/icp_test/include;$<BUILD_INTERFACE:/home/artificial/bags_ws/src/icp_test/include>
-- Configured cppcheck exclude dirs and/or files: 
-- Added test 'cpplint' to check C / C++ code against the Google style
-- Configured cpplint exclude dirs and/or files: 
-- Added test 'lint_cmake' to check CMake code style
-- Added test 'uncrustify' to check C / C++ code style
-- Configured uncrustify additional arguments: 
-- Added test 'xmllint' to check XML markup files
-- Configuring done
-- Generating done
-- Build files have been written to: /home/artificial/bags_ws/build/icp_test
[35m[1mConsolidate compiler generated dependencies of target ipc_publisher[0m
[35m[1mConsolidate compiler generated dependencies of target ipc_subscriber[0m
[ 33%] Built target ipc_publisher
[ 66%] Built target ipc_subscriber
[35m[1mConsolidate compiler generated dependencies of target ipc_main[0m
[ 83%] [32mBuilding CXX object CMakeFiles/ipc_main.dir/src/ipc_main.cpp.o[0m
[01m[K/home/artificial/bags_ws/src/icp_test/src/ipc_main.cpp:[m[K In function â€˜[01m[Kint main(int, char**)[m[Kâ€™:
[01m[K/home/artificial/bags_ws/src/icp_test/src/ipc_main.cpp:22:36:[m[K [01;31m[Kerror: [m[Kâ€˜[01m[Kr[m[Kâ€™ was not declared in this scope
   22 |   auto producer = std::make_shared<[01;31m[Kr[m[K>("producer", "number");
      |                                    [01;31m[K^[m[K
[01m[K/home/artificial/bags_ws/src/icp_test/src/ipc_main.cpp:22:38:[m[K [01;31m[Kerror: [m[Kno matching function for call to â€˜[01m[Kmake_shared<<expression error> >(const char [9], const char [7])[m[Kâ€™
   22 |   auto producer = [01;31m[Kstd::make_shared<r>("producer", "number")[m[K;
      |                   [01;31m[K~~~~~~~~~~~~~~~~~~~^~~~~~~~~~~~~~~~~~~~~~[m[K
In file included from [01m[K/usr/include/c++/11/memory:77[m[K,
                 from [01m[K/home/artificial/bags_ws/src/icp_test/src/ipc_main.cpp:5[m[K:
[01m[K/usr/include/c++/11/bits/shared_ptr.h:875:5:[m[K [01;36m[Knote: [m[Kcandidate: â€˜[01m[Ktemplate<class _Tp, class ... _Args> std::shared_ptr<_Tp> std::make_shared(_Args&& ...)[m[Kâ€™
  875 |     [01;36m[Kmake_shared[m[K(_Args&&... __args)
      |     [01;36m[K^~~~~~~~~~~[m[K
[01m[K/usr/include/c++/11/bits/shared_ptr.h:875:5:[m[K [01;36m[Knote: [m[K  template argument deduction/substitution failed:
[01m[K/home/artificial/bags_ws/src/icp_test/src/ipc_main.cpp:22:38:[m[K [01;31m[Kerror: [m[Ktemplate argument 1 is invalid
   22 |   auto producer = [01;31m[Kstd::make_shared<r>("producer", "number")[m[K;
      |                   [01;31m[K~~~~~~~~~~~~~~~~~~~^~~~~~~~~~~~~~~~~~~~~~[m[K
gmake[2]: *** [CMakeFiles/ipc_main.dir/build.make:76: CMakeFiles/ipc_main.dir/src/ipc_main.cpp.o] Error 1
gmake[1]: *** [CMakeFiles/Makefile2:194: CMakeFiles/ipc_main.dir/all] Error 2
gmake: *** [Makefile:146: all] Error 2
