[0.006s] Invoking command in '/home/artificial/bags_ws/build/icp_test': CMAKE_PREFIX_PATH=/opt/ros/humble /usr/bin/cmake --build /home/artificial/bags_ws/build/icp_test -- -j16 -l16
[0.017s] -- Found ament_cmake: 1.3.9 (/opt/ros/humble/share/ament_cmake/cmake)
[0.096s] -- Found rclcpp: 16.0.9 (/opt/ros/humble/share/rclcpp/cmake)
[0.114s] -- Found rosidl_generator_c: 3.1.5 (/opt/ros/humble/share/rosidl_generator_c/cmake)
[0.115s] -- Found rosidl_adapter: 3.1.5 (/opt/ros/humble/share/rosidl_adapter/cmake)
[0.118s] -- Found rosidl_generator_cpp: 3.1.5 (/opt/ros/humble/share/rosidl_generator_cpp/cmake)
[0.125s] -- Using all available rosidl_typesupport_c: rosidl_typesupport_fastrtps_c;rosidl_typesupport_introspection_c
[0.133s] -- Using all available rosidl_typesupport_cpp: rosidl_typesupport_fastrtps_cpp;rosidl_typesupport_introspection_cpp
[0.163s] -- Found rmw_implementation_cmake: 6.1.2 (/opt/ros/humble/share/rmw_implementation_cmake/cmake)
[0.163s] -- Found rmw_fastrtps_cpp: 6.2.6 (/opt/ros/humble/share/rmw_fastrtps_cpp/cmake)
[0.204s] -- Using RMW implementation 'rmw_fastrtps_cpp' as default
[0.286s] -- Found ament_lint_auto: 0.12.11 (/opt/ros/humble/share/ament_lint_auto/cmake)
[0.321s] -- Added test 'copyright' to check source files copyright and LICENSE
[0.321s] -- Added test 'cppcheck' to perform static code analysis on C / C++ code
[0.321s] -- Configured cppcheck include dirs: /home/artificial/bags_ws/src/icp_test/include;$<BUILD_INTERFACE:/home/artificial/bags_ws/src/icp_test/include>
[0.321s] -- Configured cppcheck exclude dirs and/or files: 
[0.321s] -- Added test 'cpplint' to check C / C++ code against the Google style
[0.322s] -- Configured cpplint exclude dirs and/or files: 
[0.322s] -- Added test 'lint_cmake' to check CMake code style
[0.322s] -- Added test 'uncrustify' to check C / C++ code style
[0.322s] -- Configured uncrustify additional arguments: 
[0.322s] -- Added test 'xmllint' to check XML markup files
[0.323s] -- Configuring done
[0.329s] -- Generating done
[0.330s] -- Build files have been written to: /home/artificial/bags_ws/build/icp_test
[0.343s] [35m[1mConsolidate compiler generated dependencies of target ipc_publisher[0m
[0.344s] [35m[1mConsolidate compiler generated dependencies of target ipc_subscriber[0m
[0.351s] [ 33%] Built target ipc_publisher
[0.352s] [ 66%] Built target ipc_subscriber
[0.357s] [35m[1mConsolidate compiler generated dependencies of target ipc_main[0m
[0.367s] [ 83%] [32mBuilding CXX object CMakeFiles/ipc_main.dir/src/ipc_main.cpp.o[0m
[1.304s] [01m[K/home/artificial/bags_ws/src/icp_test/src/ipc_main.cpp:[m[K In function â€˜[01m[Kint main(int, char**)[m[Kâ€™:
[1.304s] [01m[K/home/artificial/bags_ws/src/icp_test/src/ipc_main.cpp:22:36:[m[K [01;31m[Kerror: [m[Kâ€˜[01m[Kr[m[Kâ€™ was not declared in this scope
[1.304s]    22 |   auto producer = std::make_shared<[01;31m[Kr[m[K>("producer", "number");
[1.304s]       |                                    [01;31m[K^[m[K
[1.304s] [01m[K/home/artificial/bags_ws/src/icp_test/src/ipc_main.cpp:22:38:[m[K [01;31m[Kerror: [m[Kno matching function for call to â€˜[01m[Kmake_shared<<expression error> >(const char [9], const char [7])[m[Kâ€™
[1.304s]    22 |   auto producer = [01;31m[Kstd::make_shared<r>("producer", "number")[m[K;
[1.304s]       |                   [01;31m[K~~~~~~~~~~~~~~~~~~~^~~~~~~~~~~~~~~~~~~~~~[m[K
[1.305s] In file included from [01m[K/usr/include/c++/11/memory:77[m[K,
[1.305s]                  from [01m[K/home/artificial/bags_ws/src/icp_test/src/ipc_main.cpp:5[m[K:
[1.305s] [01m[K/usr/include/c++/11/bits/shared_ptr.h:875:5:[m[K [01;36m[Knote: [m[Kcandidate: â€˜[01m[Ktemplate<class _Tp, class ... _Args> std::shared_ptr<_Tp> std::make_shared(_Args&& ...)[m[Kâ€™
[1.305s]   875 |     [01;36m[Kmake_shared[m[K(_Args&&... __args)
[1.305s]       |     [01;36m[K^~~~~~~~~~~[m[K
[1.305s] [01m[K/usr/include/c++/11/bits/shared_ptr.h:875:5:[m[K [01;36m[Knote: [m[K  template argument deduction/substitution failed:
[1.305s] [01m[K/home/artificial/bags_ws/src/icp_test/src/ipc_main.cpp:22:38:[m[K [01;31m[Kerror: [m[Ktemplate argument 1 is invalid
[1.305s]    22 |   auto producer = [01;31m[Kstd::make_shared<r>("producer", "number")[m[K;
[1.305s]       |                   [01;31m[K~~~~~~~~~~~~~~~~~~~^~~~~~~~~~~~~~~~~~~~~~[m[K
[1.490s] gmake[2]: *** [CMakeFiles/ipc_main.dir/build.make:76: CMakeFiles/ipc_main.dir/src/ipc_main.cpp.o] Error 1
[1.490s] gmake[1]: *** [CMakeFiles/Makefile2:194: CMakeFiles/ipc_main.dir/all] Error 2
[1.491s] gmake: *** [Makefile:146: all] Error 2
[1.492s] Invoked command in '/home/artificial/bags_ws/build/icp_test' returned '2': CMAKE_PREFIX_PATH=/opt/ros/humble /usr/bin/cmake --build /home/artificial/bags_ws/build/icp_test -- -j16 -l16
